[debug] [2021-11-30T15:37:30.864Z] ----------------------------------------------------------------------
[debug] [2021-11-30T15:37:30.867Z] Command:       D:\NODE js\node.exe C:\Users\91959\AppData\Roaming\npm\node_modules\firebase-tools\lib\bin\firebase.js deploy
[debug] [2021-11-30T15:37:30.867Z] CLI Version:   9.21.0
[debug] [2021-11-30T15:37:30.867Z] Platform:      win32
[debug] [2021-11-30T15:37:30.867Z] Node Version:  v12.18.3
[debug] [2021-11-30T15:37:30.869Z] Time:          Tue Nov 30 2021 21:07:30 GMT+0530 (India Standard Time)
[debug] [2021-11-30T15:37:30.869Z] ----------------------------------------------------------------------
[debug] 
[debug] [2021-11-30T15:37:30.945Z] > command requires scopes: ["email","openid","https://www.googleapis.com/auth/cloudplatformprojects.readonly","https://www.googleapis.com/auth/firebase","https://www.googleapis.com/auth/cloud-platform"]
[debug] [2021-11-30T15:37:30.946Z] > authorizing via signed-in user (roopali.singh.222@gmail.com)
[debug] [2021-11-30T15:37:30.946Z] [iam] checking project amozon-clone-1 for permissions ["cloudfunctions.functions.create","cloudfunctions.functions.delete","cloudfunctions.functions.get","cloudfunctions.functions.list","cloudfunctions.functions.update","cloudfunctions.operations.get","firebase.projects.get","firebasehosting.sites.update"]
[debug] [2021-11-30T15:37:30.949Z] > refreshing access token with scopes: ["email","https://www.googleapis.com/auth/cloud-platform","https://www.googleapis.com/auth/cloudplatformprojects.readonly","https://www.googleapis.com/auth/firebase","openid"]
[debug] [2021-11-30T15:37:30.949Z] >>> HTTP REQUEST POST https://www.googleapis.com/oauth2/v3/token  
 <request body omitted>
[debug] [2021-11-30T15:37:31.159Z] <<< HTTP RESPONSE 200 {"cache-control":"no-cache, no-store, max-age=0, must-revalidate","expires":"Mon, 01 Jan 1990 00:00:00 GMT","pragma":"no-cache","date":"Tue, 30 Nov 2021 15:37:31 GMT","content-type":"application/json; charset=utf-8","vary":"X-Origin, Referer, Origin,Accept-Encoding","server":"scaffolding on HTTPServer2","x-xss-protection":"0","x-frame-options":"SAMEORIGIN","x-content-type-options":"nosniff","alt-svc":"h3=\":443\"; ma=2592000,h3-29=\":443\"; ma=2592000,h3-Q050=\":443\"; ma=2592000,h3-Q046=\":443\"; ma=2592000,h3-Q043=\":443\"; ma=2592000,quic=\":443\"; ma=2592000; v=\"46,43\"","accept-ranges":"none","transfer-encoding":"chunked"}
[debug] [2021-11-30T15:37:31.182Z] >>> HTTP REQUEST POST https://cloudresourcemanager.googleapis.com/v1/projects/amozon-clone-1:testIamPermissions  
 {"permissions":["cloudfunctions.functions.create","cloudfunctions.functions.delete","cloudfunctions.functions.get","cloudfunctions.functions.list","cloudfunctions.functions.update","cloudfunctions.operations.get","firebase.projects.get","firebasehosting.sites.update"]}
[debug] [2021-11-30T15:37:32.690Z] <<< HTTP RESPONSE 200 {"content-type":"application/json; charset=UTF-8","vary":"X-Origin, Referer, Origin,Accept-Encoding","date":"Tue, 30 Nov 2021 15:37:32 GMT","server":"ESF","cache-control":"private","x-xss-protection":"0","x-frame-options":"SAMEORIGIN","x-content-type-options":"nosniff","server-timing":"gfet4t7; dur=1419","alt-svc":"h3=\":443\"; ma=2592000,h3-29=\":443\"; ma=2592000,h3-Q050=\":443\"; ma=2592000,h3-Q046=\":443\"; ma=2592000,h3-Q043=\":443\"; ma=2592000,quic=\":443\"; ma=2592000; v=\"46,43\"","accept-ranges":"none","transfer-encoding":"chunked"}
[debug] [2021-11-30T15:37:32.691Z] >>> HTTP REQUEST POST https://iam.googleapis.com/v1/projects/amozon-clone-1/serviceAccounts/amozon-clone-1@appspot.gserviceaccount.com:testIamPermissions  
 {"permissions":["iam.serviceAccounts.actAs"]}
[debug] [2021-11-30T15:37:34.226Z] <<< HTTP RESPONSE 200 {"content-type":"application/json; charset=UTF-8","vary":"X-Origin, Referer, Origin,Accept-Encoding","date":"Tue, 30 Nov 2021 15:37:34 GMT","server":"ESF","cache-control":"private","x-xss-protection":"0","x-frame-options":"SAMEORIGIN","x-content-type-options":"nosniff","alt-svc":"h3=\":443\"; ma=2592000,h3-29=\":443\"; ma=2592000,h3-Q050=\":443\"; ma=2592000,h3-Q046=\":443\"; ma=2592000,h3-Q043=\":443\"; ma=2592000,quic=\":443\"; ma=2592000; v=\"46,43\"","accept-ranges":"none","transfer-encoding":"chunked"}
[debug] [2021-11-30T15:37:34.227Z] > refreshing access token with scopes: []
[debug] [2021-11-30T15:37:34.228Z] >>> HTTP REQUEST POST https://www.googleapis.com/oauth2/v3/token  
 <request body omitted>
[debug] [2021-11-30T15:37:34.391Z] <<< HTTP RESPONSE 200 {"date":"Tue, 30 Nov 2021 15:37:34 GMT","expires":"Mon, 01 Jan 1990 00:00:00 GMT","pragma":"no-cache","cache-control":"no-cache, no-store, max-age=0, must-revalidate","content-type":"application/json; charset=utf-8","vary":"X-Origin, Referer, Origin,Accept-Encoding","server":"scaffolding on HTTPServer2","x-xss-protection":"0","x-frame-options":"SAMEORIGIN","x-content-type-options":"nosniff","alt-svc":"h3=\":443\"; ma=2592000,h3-29=\":443\"; ma=2592000,h3-Q050=\":443\"; ma=2592000,h3-Q046=\":443\"; ma=2592000,h3-Q043=\":443\"; ma=2592000,quic=\":443\"; ma=2592000; v=\"46,43\"","accept-ranges":"none","transfer-encoding":"chunked"}
[debug] [2021-11-30T15:37:34.416Z] >>> [apiv2][query] GET https://firebase.googleapis.com/v1beta1/projects/amozon-clone-1 [none]
[debug] [2021-11-30T15:37:34.922Z] <<< [apiv2][status] GET https://firebase.googleapis.com/v1beta1/projects/amozon-clone-1 200
[debug] [2021-11-30T15:37:34.923Z] <<< [apiv2][body] GET https://firebase.googleapis.com/v1beta1/projects/amozon-clone-1 {"projectId":"amozon-clone-1","projectNumber":"1009968790236","displayName":"amazon-clone","name":"projects/amozon-clone-1","resources":{"hostingSite":"amozon-clone-1","realtimeDatabaseInstance":"amozon-clone-1","storageBucket":"amozon-clone-1.appspot.com","locationId":"us-central"},"state":"ACTIVE"}
[info] 
[info] === Deploying to 'amozon-clone-1'...
[info] 
[info] i  deploying functions, hosting 
[debug] [2021-11-30T15:37:34.929Z] Validating nodejs source
[debug] [2021-11-30T15:37:39.104Z] > [functions] package.json contents: {
  "name": "functions",
  "description": "Cloud Functions for Firebase",
  "scripts": {
    "lint": "eslint .",
    "serve": "firebase emulators:start --only functions",
    "shell": "firebase functions:shell",
    "start": "npm run shell",
    "deploy": "firebase deploy --only functions",
    "logs": "firebase functions:log"
  },
  "engines": {
    "node": "14"
  },
  "main": "index.js",
  "dependencies": {
    "cors": "^2.8.5",
    "express": "^4.17.1",
    "firebase-admin": "^9.8.0",
    "firebase-functions": "^3.14.1",
    "stripe": "^8.186.0"
  },
  "devDependencies": {
    "eslint": "^7.6.0",
    "eslint-config-google": "^0.14.0",
    "firebase-functions-test": "^0.2.0"
  },
  "private": true
}
[debug] [2021-11-30T15:37:39.104Z] Building nodejs source
[info] i  functions: ensuring required API cloudfunctions.googleapis.com is enabled... 
[debug] [2021-11-30T15:37:39.105Z] > refreshing access token with scopes: ["email","https://www.googleapis.com/auth/cloud-platform","https://www.googleapis.com/auth/cloudplatformprojects.readonly","https://www.googleapis.com/auth/firebase","openid"]
[debug] [2021-11-30T15:37:39.106Z] >>> HTTP REQUEST POST https://www.googleapis.com/oauth2/v3/token  
 <request body omitted>
[debug] [2021-11-30T15:37:39.107Z] > refreshing access token with scopes: ["email","https://www.googleapis.com/auth/cloud-platform","https://www.googleapis.com/auth/cloudplatformprojects.readonly","https://www.googleapis.com/auth/firebase","openid"]
[debug] [2021-11-30T15:37:39.107Z] >>> HTTP REQUEST POST https://www.googleapis.com/oauth2/v3/token  
 <request body omitted>
[info] i  functions: ensuring required API cloudbuild.googleapis.com is enabled... 
[debug] [2021-11-30T15:37:39.108Z] > refreshing access token with scopes: ["email","https://www.googleapis.com/auth/cloud-platform","https://www.googleapis.com/auth/cloudplatformprojects.readonly","https://www.googleapis.com/auth/firebase","openid"]
[debug] [2021-11-30T15:37:39.108Z] >>> HTTP REQUEST POST https://www.googleapis.com/oauth2/v3/token  
 <request body omitted>
[debug] [2021-11-30T15:37:39.278Z] <<< HTTP RESPONSE 200 {"date":"Tue, 30 Nov 2021 15:37:39 GMT","cache-control":"no-cache, no-store, max-age=0, must-revalidate","pragma":"no-cache","expires":"Mon, 01 Jan 1990 00:00:00 GMT","content-type":"application/json; charset=utf-8","vary":"X-Origin, Referer, Origin,Accept-Encoding","server":"scaffolding on HTTPServer2","x-xss-protection":"0","x-frame-options":"SAMEORIGIN","x-content-type-options":"nosniff","alt-svc":"h3=\":443\"; ma=2592000,h3-29=\":443\"; ma=2592000,h3-Q050=\":443\"; ma=2592000,h3-Q046=\":443\"; ma=2592000,h3-Q043=\":443\"; ma=2592000,quic=\":443\"; ma=2592000; v=\"46,43\"","accept-ranges":"none","transfer-encoding":"chunked"}
[debug] [2021-11-30T15:37:39.295Z] >>> HTTP REQUEST GET https://serviceusage.googleapis.com/v1/projects/amozon-clone-1/services/runtimeconfig.googleapis.com  
 
[debug] [2021-11-30T15:37:39.296Z] <<< HTTP RESPONSE 200 {"date":"Tue, 30 Nov 2021 15:37:39 GMT","cache-control":"no-cache, no-store, max-age=0, must-revalidate","pragma":"no-cache","expires":"Mon, 01 Jan 1990 00:00:00 GMT","content-type":"application/json; charset=utf-8","vary":"X-Origin, Referer, Origin,Accept-Encoding","server":"scaffolding on HTTPServer2","x-xss-protection":"0","x-frame-options":"SAMEORIGIN","x-content-type-options":"nosniff","alt-svc":"h3=\":443\"; ma=2592000,h3-29=\":443\"; ma=2592000,h3-Q050=\":443\"; ma=2592000,h3-Q046=\":443\"; ma=2592000,h3-Q043=\":443\"; ma=2592000,quic=\":443\"; ma=2592000; v=\"46,43\"","accept-ranges":"none","transfer-encoding":"chunked"}
[debug] [2021-11-30T15:37:39.313Z] >>> HTTP REQUEST GET https://serviceusage.googleapis.com/v1/projects/amozon-clone-1/services/cloudfunctions.googleapis.com  
 
[debug] [2021-11-30T15:37:39.315Z] <<< HTTP RESPONSE 200 {"date":"Tue, 30 Nov 2021 15:37:39 GMT","cache-control":"no-cache, no-store, max-age=0, must-revalidate","pragma":"no-cache","expires":"Mon, 01 Jan 1990 00:00:00 GMT","content-type":"application/json; charset=utf-8","vary":"X-Origin, Referer, Origin,Accept-Encoding","server":"scaffolding on HTTPServer2","x-xss-protection":"0","x-frame-options":"SAMEORIGIN","x-content-type-options":"nosniff","alt-svc":"h3=\":443\"; ma=2592000,h3-29=\":443\"; ma=2592000,h3-Q050=\":443\"; ma=2592000,h3-Q046=\":443\"; ma=2592000,h3-Q043=\":443\"; ma=2592000,quic=\":443\"; ma=2592000; v=\"46,43\"","accept-ranges":"none","transfer-encoding":"chunked"}
[debug] [2021-11-30T15:37:39.333Z] >>> HTTP REQUEST GET https://serviceusage.googleapis.com/v1/projects/amozon-clone-1/services/cloudbuild.googleapis.com  
 
[debug] [2021-11-30T15:37:41.250Z] <<< HTTP RESPONSE 200 {"content-type":"application/json; charset=UTF-8","vary":"X-Origin, Referer, Origin,Accept-Encoding","date":"Tue, 30 Nov 2021 15:37:41 GMT","server":"ESF","cache-control":"private","x-xss-protection":"0","x-frame-options":"SAMEORIGIN","x-content-type-options":"nosniff","alt-svc":"h3=\":443\"; ma=2592000,h3-29=\":443\"; ma=2592000,h3-Q050=\":443\"; ma=2592000,h3-Q046=\":443\"; ma=2592000,h3-Q043=\":443\"; ma=2592000,quic=\":443\"; ma=2592000; v=\"46,43\"","accept-ranges":"none","transfer-encoding":"chunked"}
[info] +  functions: required API cloudfunctions.googleapis.com is enabled 
[debug] [2021-11-30T15:37:41.255Z] <<< HTTP RESPONSE 200 {"content-type":"application/json; charset=UTF-8","vary":"X-Origin, Referer, Origin,Accept-Encoding","date":"Tue, 30 Nov 2021 15:37:41 GMT","server":"ESF","cache-control":"private","x-xss-protection":"0","x-frame-options":"SAMEORIGIN","x-content-type-options":"nosniff","alt-svc":"h3=\":443\"; ma=2592000,h3-29=\":443\"; ma=2592000,h3-Q050=\":443\"; ma=2592000,h3-Q046=\":443\"; ma=2592000,h3-Q043=\":443\"; ma=2592000,quic=\":443\"; ma=2592000; v=\"46,43\"","accept-ranges":"none","transfer-encoding":"chunked"}
[debug] [2021-11-30T15:37:41.266Z] <<< HTTP RESPONSE 200 {"content-type":"application/json; charset=UTF-8","vary":"X-Origin, Referer, Origin,Accept-Encoding","date":"Tue, 30 Nov 2021 15:37:41 GMT","server":"ESF","cache-control":"private","x-xss-protection":"0","x-frame-options":"SAMEORIGIN","x-content-type-options":"nosniff","alt-svc":"h3=\":443\"; ma=2592000,h3-29=\":443\"; ma=2592000,h3-Q050=\":443\"; ma=2592000,h3-Q046=\":443\"; ma=2592000,h3-Q043=\":443\"; ma=2592000,quic=\":443\"; ma=2592000; v=\"46,43\"","accept-ranges":"none","transfer-encoding":"chunked"}
[info] +  functions: required API cloudbuild.googleapis.com is enabled 
[debug] [2021-11-30T15:37:41.267Z] >>> HTTP REQUEST GET https://firebase.googleapis.com/v1beta1/projects/amozon-clone-1/adminSdkConfig  
 
[debug] [2021-11-30T15:37:41.709Z] <<< HTTP RESPONSE 200 {"content-type":"application/json; charset=UTF-8","vary":"X-Origin, Referer, Origin,Accept-Encoding","date":"Tue, 30 Nov 2021 15:37:41 GMT","server":"ESF","cache-control":"private","x-xss-protection":"0","x-frame-options":"SAMEORIGIN","x-content-type-options":"nosniff","alt-svc":"h3=\":443\"; ma=2592000,h3-29=\":443\"; ma=2592000,h3-Q050=\":443\"; ma=2592000,h3-Q046=\":443\"; ma=2592000,h3-Q043=\":443\"; ma=2592000,quic=\":443\"; ma=2592000; v=\"46,43\"","accept-ranges":"none","transfer-encoding":"chunked"}
[debug] [2021-11-30T15:37:41.710Z] >>> HTTP REQUEST GET https://runtimeconfig.googleapis.com/v1beta1/projects/amozon-clone-1/configs  
 
[debug] [2021-11-30T15:37:42.568Z] <<< HTTP RESPONSE 200 {"content-type":"application/json; charset=UTF-8","vary":"X-Origin, Referer, Origin,Accept-Encoding","date":"Tue, 30 Nov 2021 15:37:42 GMT","server":"ESF","cache-control":"private","x-xss-protection":"0","x-frame-options":"SAMEORIGIN","x-content-type-options":"nosniff","alt-svc":"h3=\":443\"; ma=2592000,h3-29=\":443\"; ma=2592000,h3-Q050=\":443\"; ma=2592000,h3-Q046=\":443\"; ma=2592000,h3-Q043=\":443\"; ma=2592000,quic=\":443\"; ma=2592000; v=\"46,43\"","accept-ranges":"none","transfer-encoding":"chunked"}
[debug] [2021-11-30T15:37:42.723Z] Analyzing nodejs backend spec
[info] i  functions: preparing functions directory for uploading... 
[info] i  functions: packaged functions (72.23 KB) for uploading 
[debug] [2021-11-30T15:37:43.385Z] >>> HTTP REQUEST GET https://cloudfunctions.googleapis.com/v1/projects/amozon-clone-1/locations/-/functions  
 
[debug] [2021-11-30T15:37:44.143Z] <<< HTTP RESPONSE 200 {"content-type":"application/json; charset=UTF-8","vary":"X-Origin, Referer, Origin,Accept-Encoding","date":"Tue, 30 Nov 2021 15:37:44 GMT","server":"ESF","cache-control":"private","x-xss-protection":"0","x-frame-options":"SAMEORIGIN","x-content-type-options":"nosniff","alt-svc":"h3=\":443\"; ma=2592000,h3-29=\":443\"; ma=2592000,h3-Q050=\":443\"; ma=2592000,h3-Q046=\":443\"; ma=2592000,h3-Q043=\":443\"; ma=2592000,quic=\":443\"; ma=2592000; v=\"46,43\"","accept-ranges":"none","transfer-encoding":"chunked"}
[debug] [2021-11-30T15:37:44.147Z] >>> HTTP REQUEST POST https://firebasehosting.googleapis.com/v1beta1/sites/amozon-clone-1/versions  
 {"config":{"rewrites":[{"glob":"**","path":"/index.html"}]},"labels":{"deployment-tool":"cli-firebase"}}
[debug] [2021-11-30T15:37:46.230Z] <<< HTTP RESPONSE 200 {"content-type":"application/json; charset=UTF-8","vary":"X-Origin, Referer, Origin,Accept-Encoding","date":"Tue, 30 Nov 2021 15:37:46 GMT","server":"ESF","cache-control":"private","x-xss-protection":"0","x-frame-options":"SAMEORIGIN","x-content-type-options":"nosniff","alt-svc":"h3=\":443\"; ma=2592000,h3-29=\":443\"; ma=2592000,h3-Q050=\":443\"; ma=2592000,h3-Q046=\":443\"; ma=2592000,h3-Q043=\":443\"; ma=2592000,quic=\":443\"; ma=2592000; v=\"46,43\"","accept-ranges":"none","transfer-encoding":"chunked"}
[debug] [2021-11-30T15:37:46.232Z] >>> HTTP REQUEST POST https://cloudfunctions.googleapis.com/v1/projects/amozon-clone-1/locations/us-central1/functions:generateUploadUrl  
 
[debug] [2021-11-30T15:37:47.032Z] <<< HTTP RESPONSE 200 {"content-type":"application/json; charset=UTF-8","vary":"X-Origin, Referer, Origin,Accept-Encoding","date":"Tue, 30 Nov 2021 15:37:47 GMT","server":"ESF","cache-control":"private","x-xss-protection":"0","x-frame-options":"SAMEORIGIN","x-content-type-options":"nosniff","alt-svc":"h3=\":443\"; ma=2592000,h3-29=\":443\"; ma=2592000,h3-Q050=\":443\"; ma=2592000,h3-Q046=\":443\"; ma=2592000,h3-Q043=\":443\"; ma=2592000,quic=\":443\"; ma=2592000; v=\"46,43\"","accept-ranges":"none","transfer-encoding":"chunked"}
[debug] [2021-11-30T15:37:47.034Z] >>> HTTP REQUEST PUT https://storage.googleapis.com/gcf-upload-us-central1-7f3f986e-f289-4c86-9d83-b2c0f1ee991b/6c8156c8-f2ad-4ad1-abe3-cec38a877da7.zip?GoogleAccessId=service-1009968790236@gcf-admin-robot.iam.gserviceaccount.com&Expires=1638288467&Signature=ELrDtX1TpnKGPO1UiV%2FtGqD6mp3uh7wa8jwtuwzUfGjIqpKEhkfZ%2BASuYDzDvq67goV6MtElto4gwFmHLb62rXfovzIxSgvSyccO0bM2r%2BTTRiI6FEsOSvJX5l%2FrLVEQXqNelZwIicmyPu8NPd4kfCsaeatJF7N6ZUXVKnOXPf6o6DvJnzHxoJijraXFpxTQWUaiRgVoLmZq0cpmFl7NrH5YY%2BrijVXC7PpXQNjxjh21uBpE2lVbVtE2QSDVrZdcJmeX6mQ90V5%2B9Obxe%2FRe8o1N9u%2BpZDzxmn0%2FxmqUM%2Fcfyr3mbcL7Le8%2B6%2B7fJ5Vttv%2BjgMylY%2BzO5nYX0lSg8A%3D%3D  
 <request body omitted>
[debug] [2021-11-30T15:37:48.013Z] <<< HTTP RESPONSE 200 {"x-guploader-uploadid":"ADPycduBEaKgZTQHaL-Qk9tM4GdBHXpN4t0BEa8mYxTK0yWw9Unq4AB3tfx7OFZ7jCaRBs-kZYog9B2mxevmtgEhM7I","etag":"\"f8106a1af81d6cfad358ea9de8a53f97\"","x-goog-generation":"1638286668128261","x-goog-metageneration":"1","x-goog-hash":"crc32c=yc0sMA==, md5=+BBqGvgdbPrTWOqd6KU/lw==","x-goog-stored-content-length":"73965","x-goog-stored-content-encoding":"identity","vary":"Origin","content-length":"0","date":"Tue, 30 Nov 2021 15:37:48 GMT","server":"UploadServer","content-type":"text/html; charset=UTF-8","alt-svc":"h3=\":443\"; ma=2592000,h3-29=\":443\"; ma=2592000,h3-Q050=\":443\"; ma=2592000,h3-Q046=\":443\"; ma=2592000,h3-Q043=\":443\"; ma=2592000,quic=\":443\"; ma=2592000; v=\"46,43\""}
[info] +  functions: functions folder uploaded successfully 
[info] i  hosting[amozon-clone-1]: beginning deploy... 
[info] i  hosting[amozon-clone-1]: found 14 files in build 
[debug] [2021-11-30T15:37:48.137Z] > refreshing access token with scopes: []
[debug] [2021-11-30T15:37:48.137Z] >>> HTTP REQUEST POST https://www.googleapis.com/oauth2/v3/token  
 <request body omitted>
[debug] [2021-11-30T15:37:48.140Z] [hosting] hash cache [YnVpbGQ] stored for 14 files
[debug] [2021-11-30T15:37:48.141Z] [hosting][hash queue][FINAL] {"max":102,"min":4,"avg":13.642857142857142,"active":0,"complete":14,"success":14,"errored":0,"retried":0,"total":14,"elapsed":109}
[debug] [2021-11-30T15:37:48.307Z] <<< HTTP RESPONSE 200 {"expires":"Mon, 01 Jan 1990 00:00:00 GMT","pragma":"no-cache","cache-control":"no-cache, no-store, max-age=0, must-revalidate","date":"Tue, 30 Nov 2021 15:37:48 GMT","content-type":"application/json; charset=utf-8","vary":"X-Origin, Referer, Origin,Accept-Encoding","server":"scaffolding on HTTPServer2","x-xss-protection":"0","x-frame-options":"SAMEORIGIN","x-content-type-options":"nosniff","alt-svc":"h3=\":443\"; ma=2592000,h3-29=\":443\"; ma=2592000,h3-Q050=\":443\"; ma=2592000,h3-Q046=\":443\"; ma=2592000,h3-Q043=\":443\"; ma=2592000,quic=\":443\"; ma=2592000; v=\"46,43\"","accept-ranges":"none","transfer-encoding":"chunked"}
[debug] [2021-11-30T15:37:48.326Z] >>> [apiv2][query] POST https://firebasehosting.googleapis.com/v1beta1/sites/amozon-clone-1/versions/b1cb7e312cbd8a2f:populateFiles [none]
[debug] [2021-11-30T15:37:48.326Z] >>> [apiv2][body] POST https://firebasehosting.googleapis.com/v1beta1/sites/amozon-clone-1/versions/b1cb7e312cbd8a2f:populateFiles {"files":{"/favicon.ico":"eae62e993eb980ec8a25058c39d5a51feab118bd2100c4deebb2a9c158ec11f9","/favicon_a.ico":"09ae65c1e2cbbefdce8151c0c13db453dc8825a157411c63a297f3599a6e471b","/logo192.png":"3ee59515172ee198f3be375979df15ac5345183e656720a381b8872b2a39dc8b","/logo512.png":"ee7e2f3fdb8209c4b6fd7bef6ba50d1b9dba30a25bb5c3126df057e1cb6f5331","/manifest.json":"aff3449bdc238776f5d6d967f19ec491b36aed5fb7f23ccff6500736fd58494a","/robots.txt":"bfe106a3fb878dc83461c86818bf74fc1bdc7f28538ba613cd3e775516ce8b49","/asset-manifest.json":"09388a91481c5e92810e5b293f5b29435811a999f53c1ba48cc7a2ae7140c2d8","/index.html":"4967cfb3d99b2c02cf02103b5457ea9f598bc1870713cb2290b0ea588788f645","/static/css/main.577a65f1.chunk.css":"4258d9ddc2bfb3f355efeb2b7a7349b19e35526fc9909544dfcfd39462d24efa","/static/js/2.7be08221.chunk.js.LICENSE.txt":"9bbcd43d0f7d63b16d18e2a5b84cead684f285583a0372c26a72784642879f2d","/static/js/runtime-main.4dc69765.js":"5c58305574e9a8b8ccc81eef7a47f14a25a5756f362f2d964cf677ba57951bd7","/static/js/3.180127b6.chunk.js":"15e1f04844fa4157186ca23017bcbd61fb2a1b9e66325773748a89630a14d8b4","/static/js/main.a6523442.chunk.js":"58d53d4694b49025c08c128ffabf27cfcae3734420d7806a86534fd67baa6eee","/static/js/2.7be08221.chunk.js":"4dbba9e386c5e2abad9b21fe374b17762a19f18da2b606cff5d6f03603fae0c4"}}
[debug] [2021-11-30T15:37:50.120Z] <<< [apiv2][status] POST https://firebasehosting.googleapis.com/v1beta1/sites/amozon-clone-1/versions/b1cb7e312cbd8a2f:populateFiles 200
[debug] [2021-11-30T15:37:50.120Z] <<< [apiv2][body] POST https://firebasehosting.googleapis.com/v1beta1/sites/amozon-clone-1/versions/b1cb7e312cbd8a2f:populateFiles {"uploadRequiredHashes":["15e1f04844fa4157186ca23017bcbd61fb2a1b9e66325773748a89630a14d8b4","9bbcd43d0f7d63b16d18e2a5b84cead684f285583a0372c26a72784642879f2d","4258d9ddc2bfb3f355efeb2b7a7349b19e35526fc9909544dfcfd39462d24efa","09388a91481c5e92810e5b293f5b29435811a999f53c1ba48cc7a2ae7140c2d8","58d53d4694b49025c08c128ffabf27cfcae3734420d7806a86534fd67baa6eee","4dbba9e386c5e2abad9b21fe374b17762a19f18da2b606cff5d6f03603fae0c4","4967cfb3d99b2c02cf02103b5457ea9f598bc1870713cb2290b0ea588788f645","5c58305574e9a8b8ccc81eef7a47f14a25a5756f362f2d964cf677ba57951bd7"],"uploadUrl":"https://upload-firebasehosting.googleapis.com/upload/sites/amozon-clone-1/versions/b1cb7e312cbd8a2f/files"}
[debug] [2021-11-30T15:37:50.124Z] >>> [apiv2][query] POST https://upload-firebasehosting.googleapis.com/upload/sites/amozon-clone-1/versions/b1cb7e312cbd8a2f/files/15e1f04844fa4157186ca23017bcbd61fb2a1b9e66325773748a89630a14d8b4 [none]
[debug] [2021-11-30T15:37:50.124Z] >>> [apiv2][body] POST https://upload-firebasehosting.googleapis.com/upload/sites/amozon-clone-1/versions/b1cb7e312cbd8a2f/files/15e1f04844fa4157186ca23017bcbd61fb2a1b9e66325773748a89630a14d8b4 [stream]
[debug] [2021-11-30T15:37:50.126Z] >>> [apiv2][query] POST https://upload-firebasehosting.googleapis.com/upload/sites/amozon-clone-1/versions/b1cb7e312cbd8a2f/files/9bbcd43d0f7d63b16d18e2a5b84cead684f285583a0372c26a72784642879f2d [none]
[debug] [2021-11-30T15:37:50.126Z] >>> [apiv2][body] POST https://upload-firebasehosting.googleapis.com/upload/sites/amozon-clone-1/versions/b1cb7e312cbd8a2f/files/9bbcd43d0f7d63b16d18e2a5b84cead684f285583a0372c26a72784642879f2d [stream]
[debug] [2021-11-30T15:37:50.127Z] >>> [apiv2][query] POST https://upload-firebasehosting.googleapis.com/upload/sites/amozon-clone-1/versions/b1cb7e312cbd8a2f/files/4258d9ddc2bfb3f355efeb2b7a7349b19e35526fc9909544dfcfd39462d24efa [none]
[debug] [2021-11-30T15:37:50.127Z] >>> [apiv2][body] POST https://upload-firebasehosting.googleapis.com/upload/sites/amozon-clone-1/versions/b1cb7e312cbd8a2f/files/4258d9ddc2bfb3f355efeb2b7a7349b19e35526fc9909544dfcfd39462d24efa [stream]
[debug] [2021-11-30T15:37:50.128Z] >>> [apiv2][query] POST https://upload-firebasehosting.googleapis.com/upload/sites/amozon-clone-1/versions/b1cb7e312cbd8a2f/files/09388a91481c5e92810e5b293f5b29435811a999f53c1ba48cc7a2ae7140c2d8 [none]
[debug] [2021-11-30T15:37:50.129Z] >>> [apiv2][body] POST https://upload-firebasehosting.googleapis.com/upload/sites/amozon-clone-1/versions/b1cb7e312cbd8a2f/files/09388a91481c5e92810e5b293f5b29435811a999f53c1ba48cc7a2ae7140c2d8 [stream]
[debug] [2021-11-30T15:37:50.129Z] >>> [apiv2][query] POST https://upload-firebasehosting.googleapis.com/upload/sites/amozon-clone-1/versions/b1cb7e312cbd8a2f/files/58d53d4694b49025c08c128ffabf27cfcae3734420d7806a86534fd67baa6eee [none]
[debug] [2021-11-30T15:37:50.130Z] >>> [apiv2][body] POST https://upload-firebasehosting.googleapis.com/upload/sites/amozon-clone-1/versions/b1cb7e312cbd8a2f/files/58d53d4694b49025c08c128ffabf27cfcae3734420d7806a86534fd67baa6eee [stream]
[debug] [2021-11-30T15:37:50.130Z] >>> [apiv2][query] POST https://upload-firebasehosting.googleapis.com/upload/sites/amozon-clone-1/versions/b1cb7e312cbd8a2f/files/4dbba9e386c5e2abad9b21fe374b17762a19f18da2b606cff5d6f03603fae0c4 [none]
[debug] [2021-11-30T15:37:50.131Z] >>> [apiv2][body] POST https://upload-firebasehosting.googleapis.com/upload/sites/amozon-clone-1/versions/b1cb7e312cbd8a2f/files/4dbba9e386c5e2abad9b21fe374b17762a19f18da2b606cff5d6f03603fae0c4 [stream]
[debug] [2021-11-30T15:37:50.131Z] >>> [apiv2][query] POST https://upload-firebasehosting.googleapis.com/upload/sites/amozon-clone-1/versions/b1cb7e312cbd8a2f/files/4967cfb3d99b2c02cf02103b5457ea9f598bc1870713cb2290b0ea588788f645 [none]
[debug] [2021-11-30T15:37:50.131Z] >>> [apiv2][body] POST https://upload-firebasehosting.googleapis.com/upload/sites/amozon-clone-1/versions/b1cb7e312cbd8a2f/files/4967cfb3d99b2c02cf02103b5457ea9f598bc1870713cb2290b0ea588788f645 [stream]
[debug] [2021-11-30T15:37:50.132Z] >>> [apiv2][query] POST https://upload-firebasehosting.googleapis.com/upload/sites/amozon-clone-1/versions/b1cb7e312cbd8a2f/files/5c58305574e9a8b8ccc81eef7a47f14a25a5756f362f2d964cf677ba57951bd7 [none]
[debug] [2021-11-30T15:37:50.132Z] >>> [apiv2][body] POST https://upload-firebasehosting.googleapis.com/upload/sites/amozon-clone-1/versions/b1cb7e312cbd8a2f/files/5c58305574e9a8b8ccc81eef7a47f14a25a5756f362f2d964cf677ba57951bd7 [stream]
[debug] [2021-11-30T15:37:50.133Z] [hosting][populate queue][FINAL] {"max":1986,"min":1986,"avg":1986,"active":0,"complete":1,"success":1,"errored":0,"retried":0,"total":1,"elapsed":1996}
[debug] [2021-11-30T15:37:50.134Z] [hosting] uploads queued: 8
[debug] [2021-11-30T15:37:51.683Z] <<< [apiv2][status] POST https://upload-firebasehosting.googleapis.com/upload/sites/amozon-clone-1/versions/b1cb7e312cbd8a2f/files/9bbcd43d0f7d63b16d18e2a5b84cead684f285583a0372c26a72784642879f2d 200
[debug] [2021-11-30T15:37:51.683Z] <<< [apiv2][body] POST https://upload-firebasehosting.googleapis.com/upload/sites/amozon-clone-1/versions/b1cb7e312cbd8a2f/files/9bbcd43d0f7d63b16d18e2a5b84cead684f285583a0372c26a72784642879f2d [stream]
[debug] [2021-11-30T15:37:51.719Z] <<< [apiv2][status] POST https://upload-firebasehosting.googleapis.com/upload/sites/amozon-clone-1/versions/b1cb7e312cbd8a2f/files/09388a91481c5e92810e5b293f5b29435811a999f53c1ba48cc7a2ae7140c2d8 200
[debug] [2021-11-30T15:37:51.719Z] <<< [apiv2][body] POST https://upload-firebasehosting.googleapis.com/upload/sites/amozon-clone-1/versions/b1cb7e312cbd8a2f/files/09388a91481c5e92810e5b293f5b29435811a999f53c1ba48cc7a2ae7140c2d8 [stream]
[debug] [2021-11-30T15:37:51.789Z] <<< [apiv2][status] POST https://upload-firebasehosting.googleapis.com/upload/sites/amozon-clone-1/versions/b1cb7e312cbd8a2f/files/4258d9ddc2bfb3f355efeb2b7a7349b19e35526fc9909544dfcfd39462d24efa 200
[debug] [2021-11-30T15:37:51.789Z] <<< [apiv2][body] POST https://upload-firebasehosting.googleapis.com/upload/sites/amozon-clone-1/versions/b1cb7e312cbd8a2f/files/4258d9ddc2bfb3f355efeb2b7a7349b19e35526fc9909544dfcfd39462d24efa [stream]
[debug] [2021-11-30T15:37:51.807Z] <<< [apiv2][status] POST https://upload-firebasehosting.googleapis.com/upload/sites/amozon-clone-1/versions/b1cb7e312cbd8a2f/files/58d53d4694b49025c08c128ffabf27cfcae3734420d7806a86534fd67baa6eee 200
[debug] [2021-11-30T15:37:51.808Z] <<< [apiv2][body] POST https://upload-firebasehosting.googleapis.com/upload/sites/amozon-clone-1/versions/b1cb7e312cbd8a2f/files/58d53d4694b49025c08c128ffabf27cfcae3734420d7806a86534fd67baa6eee [stream]
[debug] [2021-11-30T15:37:51.855Z] <<< [apiv2][status] POST https://upload-firebasehosting.googleapis.com/upload/sites/amozon-clone-1/versions/b1cb7e312cbd8a2f/files/5c58305574e9a8b8ccc81eef7a47f14a25a5756f362f2d964cf677ba57951bd7 200
[debug] [2021-11-30T15:37:51.855Z] <<< [apiv2][body] POST https://upload-firebasehosting.googleapis.com/upload/sites/amozon-clone-1/versions/b1cb7e312cbd8a2f/files/5c58305574e9a8b8ccc81eef7a47f14a25a5756f362f2d964cf677ba57951bd7 [stream]
[debug] [2021-11-30T15:37:52.015Z] <<< [apiv2][status] POST https://upload-firebasehosting.googleapis.com/upload/sites/amozon-clone-1/versions/b1cb7e312cbd8a2f/files/4967cfb3d99b2c02cf02103b5457ea9f598bc1870713cb2290b0ea588788f645 200
[debug] [2021-11-30T15:37:52.016Z] <<< [apiv2][body] POST https://upload-firebasehosting.googleapis.com/upload/sites/amozon-clone-1/versions/b1cb7e312cbd8a2f/files/4967cfb3d99b2c02cf02103b5457ea9f598bc1870713cb2290b0ea588788f645 [stream]
[debug] [2021-11-30T15:37:52.170Z] <<< [apiv2][status] POST https://upload-firebasehosting.googleapis.com/upload/sites/amozon-clone-1/versions/b1cb7e312cbd8a2f/files/15e1f04844fa4157186ca23017bcbd61fb2a1b9e66325773748a89630a14d8b4 200
[debug] [2021-11-30T15:37:52.170Z] <<< [apiv2][body] POST https://upload-firebasehosting.googleapis.com/upload/sites/amozon-clone-1/versions/b1cb7e312cbd8a2f/files/15e1f04844fa4157186ca23017bcbd61fb2a1b9e66325773748a89630a14d8b4 [stream]
[debug] [2021-11-30T15:37:52.634Z] <<< [apiv2][status] POST https://upload-firebasehosting.googleapis.com/upload/sites/amozon-clone-1/versions/b1cb7e312cbd8a2f/files/4dbba9e386c5e2abad9b21fe374b17762a19f18da2b606cff5d6f03603fae0c4 200
[debug] [2021-11-30T15:37:52.634Z] <<< [apiv2][body] POST https://upload-firebasehosting.googleapis.com/upload/sites/amozon-clone-1/versions/b1cb7e312cbd8a2f/files/4dbba9e386c5e2abad9b21fe374b17762a19f18da2b606cff5d6f03603fae0c4 [stream]
[debug] [2021-11-30T15:37:52.634Z] [hosting][upload queue][FINAL] {"max":2511,"min":1562,"avg":1837.5,"active":0,"complete":8,"success":8,"errored":0,"retried":0,"total":8,"elapsed":2514}
[info] +  hosting[amozon-clone-1]: file upload complete 
[debug] [2021-11-30T15:37:52.635Z] [hosting] deploy completed after 4620ms
[info] i  functions: updating Node.js 14 function api(us-central1)... 
[debug] [2021-11-30T15:37:52.647Z] > refreshing access token with scopes: ["email","https://www.googleapis.com/auth/cloud-platform","https://www.googleapis.com/auth/cloudplatformprojects.readonly","https://www.googleapis.com/auth/firebase","openid"]
[debug] [2021-11-30T15:37:52.647Z] >>> HTTP REQUEST POST https://www.googleapis.com/oauth2/v3/token  
 <request body omitted>
[debug] [2021-11-30T15:37:52.820Z] <<< HTTP RESPONSE 200 {"expires":"Mon, 01 Jan 1990 00:00:00 GMT","date":"Tue, 30 Nov 2021 15:37:53 GMT","pragma":"no-cache","cache-control":"no-cache, no-store, max-age=0, must-revalidate","content-type":"application/json; charset=utf-8","vary":"X-Origin, Referer, Origin,Accept-Encoding","server":"scaffolding on HTTPServer2","x-xss-protection":"0","x-frame-options":"SAMEORIGIN","x-content-type-options":"nosniff","alt-svc":"h3=\":443\"; ma=2592000,h3-29=\":443\"; ma=2592000,h3-Q050=\":443\"; ma=2592000,h3-Q046=\":443\"; ma=2592000,h3-Q043=\":443\"; ma=2592000,quic=\":443\"; ma=2592000; v=\"46,43\"","accept-ranges":"none","transfer-encoding":"chunked"}
[debug] [2021-11-30T15:37:52.842Z] >>> HTTP REQUEST PATCH https://cloudfunctions.googleapis.com/v1/projects/amozon-clone-1/locations/us-central1/functions/api {"updateMask":"name,sourceUploadUrl,entryPoint,runtime,labels,httpsTrigger,availableMemoryMb,environmentVariables,sourceToken"} 
 {"name":"projects/amozon-clone-1/locations/us-central1/functions/api","sourceUploadUrl":"https://storage.googleapis.com/gcf-upload-us-central1-7f3f986e-f289-4c86-9d83-b2c0f1ee991b/6c8156c8-f2ad-4ad1-abe3-cec38a877da7.zip?GoogleAccessId=service-1009968790236@gcf-admin-robot.iam.gserviceaccount.com&Expires=1638288467&Signature=ELrDtX1TpnKGPO1UiV%2FtGqD6mp3uh7wa8jwtuwzUfGjIqpKEhkfZ%2BASuYDzDvq67goV6MtElto4gwFmHLb62rXfovzIxSgvSyccO0bM2r%2BTTRiI6FEsOSvJX5l%2FrLVEQXqNelZwIicmyPu8NPd4kfCsaeatJF7N6ZUXVKnOXPf6o6DvJnzHxoJijraXFpxTQWUaiRgVoLmZq0cpmFl7NrH5YY%2BrijVXC7PpXQNjxjh21uBpE2lVbVtE2QSDVrZdcJmeX6mQ90V5%2B9Obxe%2FRe8o1N9u%2BpZDzxmn0%2FxmqUM%2Fcfyr3mbcL7Le8%2B6%2B7fJ5Vttv%2BjgMylY%2BzO5nYX0lSg8A%3D%3D","entryPoint":"api","runtime":"nodejs14","labels":{"deployment-tool":"cli-firebase"},"httpsTrigger":{},"availableMemoryMb":256,"environmentVariables":{"FIREBASE_CONFIG":"{\"projectId\":\"amozon-clone-1\",\"databaseURL\":\"https://amozon-clone-1.firebaseio.com\",\"storageBucket\":\"amozon-clone-1.appspot.com\",\"locationId\":\"us-central\"}","GCLOUD_PROJECT":"amozon-clone-1"}}
[debug] [2021-11-30T15:37:53.538Z] <<< HTTP RESPONSE 200 {"content-type":"application/json; charset=UTF-8","vary":"X-Origin, Referer, Origin,Accept-Encoding","date":"Tue, 30 Nov 2021 15:37:53 GMT","server":"ESF","cache-control":"private","x-xss-protection":"0","x-frame-options":"SAMEORIGIN","x-content-type-options":"nosniff","alt-svc":"h3=\":443\"; ma=2592000,h3-29=\":443\"; ma=2592000,h3-Q050=\":443\"; ma=2592000,h3-Q046=\":443\"; ma=2592000,h3-Q043=\":443\"; ma=2592000,quic=\":443\"; ma=2592000; v=\"46,43\"","accept-ranges":"none","transfer-encoding":"chunked"}
[debug] [2021-11-30T15:37:53.539Z] > refreshing access token with scopes: []
[debug] [2021-11-30T15:37:53.539Z] >>> HTTP REQUEST POST https://www.googleapis.com/oauth2/v3/token  
 <request body omitted>
[debug] [2021-11-30T15:37:53.709Z] <<< HTTP RESPONSE 200 {"date":"Tue, 30 Nov 2021 15:37:53 GMT","pragma":"no-cache","expires":"Mon, 01 Jan 1990 00:00:00 GMT","cache-control":"no-cache, no-store, max-age=0, must-revalidate","content-type":"application/json; charset=utf-8","vary":"X-Origin, Referer, Origin,Accept-Encoding","server":"scaffolding on HTTPServer2","x-xss-protection":"0","x-frame-options":"SAMEORIGIN","x-content-type-options":"nosniff","alt-svc":"h3=\":443\"; ma=2592000,h3-29=\":443\"; ma=2592000,h3-Q050=\":443\"; ma=2592000,h3-Q046=\":443\"; ma=2592000,h3-Q043=\":443\"; ma=2592000,quic=\":443\"; ma=2592000; v=\"46,43\"","accept-ranges":"none","transfer-encoding":"chunked"}
[debug] [2021-11-30T15:37:53.744Z] >>> [apiv2][query] GET https://cloudfunctions.googleapis.com/v1/operations/YW1vem9uLWNsb25lLTEvdXMtY2VudHJhbDEvYXBpL2toTkFIeVdSejlJ [none]
[debug] [2021-11-30T15:37:54.192Z] <<< [apiv2][status] GET https://cloudfunctions.googleapis.com/v1/operations/YW1vem9uLWNsb25lLTEvdXMtY2VudHJhbDEvYXBpL2toTkFIeVdSejlJ 200
[debug] [2021-11-30T15:37:54.193Z] <<< [apiv2][body] GET https://cloudfunctions.googleapis.com/v1/operations/YW1vem9uLWNsb25lLTEvdXMtY2VudHJhbDEvYXBpL2toTkFIeVdSejlJ {"name":"operations/YW1vem9uLWNsb25lLTEvdXMtY2VudHJhbDEvYXBpL2toTkFIeVdSejlJ","metadata":{"@type":"type.googleapis.com/google.cloud.functions.v1.OperationMetadataV1","target":"projects/amozon-clone-1/locations/us-central1/functions/api","type":"UPDATE_FUNCTION","request":{"@type":"type.googleapis.com/google.cloud.functions.v1.CloudFunction","name":"projects/amozon-clone-1/locations/us-central1/functions/api","httpsTrigger":{},"status":"OFFLINE","entryPoint":"api","timeout":"60s","availableMemoryMb":256,"serviceAccountEmail":"amozon-clone-1@appspot.gserviceaccount.com","updateTime":"2021-11-30T13:56:59.979Z","versionId":"6","labels":{"deployment-tool":"cli-firebase"},"sourceUploadUrl":"https://storage.googleapis.com/gcf-upload-us-central1-7f3f986e-f289-4c86-9d83-b2c0f1ee991b/6c8156c8-f2ad-4ad1-abe3-cec38a877da7.zip?GoogleAccessId=service-1009968790236@gcf-admin-robot.iam.gserviceaccount.com&Expires=1638288467&Signature=ELrDtX1TpnKGPO1UiV%2FtGqD6mp3uh7wa8jwtuwzUfGjIqpKEhkfZ%2BASuYDzDvq67goV6MtElto4gwFmHLb62rXfovzIxSgvSyccO0bM2r%2BTTRiI6FEsOSvJX5l%2FrLVEQXqNelZwIicmyPu8NPd4kfCsaeatJF7N6ZUXVKnOXPf6o6DvJnzHxoJijraXFpxTQWUaiRgVoLmZq0cpmFl7NrH5YY%2BrijVXC7PpXQNjxjh21uBpE2lVbVtE2QSDVrZdcJmeX6mQ90V5%2B9Obxe%2FRe8o1N9u%2BpZDzxmn0%2FxmqUM%2Fcfyr3mbcL7Le8%2B6%2B7fJ5Vttv%2BjgMylY%2BzO5nYX0lSg8A%3D%3D","environmentVariables":{"FIREBASE_CONFIG":"{\"projectId\":\"amozon-clone-1\",\"databaseURL\":\"https://amozon-clone-1.firebaseio.com\",\"storageBucket\":\"amozon-clone-1.appspot.com\",\"locationId\":\"us-central\"}","GCLOUD_PROJECT":"amozon-clone-1"},"runtime":"nodejs14","ingressSettings":"ALLOW_ALL","buildId":"ed03eb67-2c86-4ceb-b144-bfeed6ba3e12","buildName":"projects/1009968790236/locations/us-central1/builds/ed03eb67-2c86-4ceb-b144-bfeed6ba3e12"},"versionId":"7","updateTime":"2021-11-30T15:37:53Z","buildName":"projects/1009968790236/locations/us-central1/builds/ed03eb67-2c86-4ceb-b144-bfeed6ba3e12"}}
[debug] [2021-11-30T15:37:54.706Z] [update-us-central1-api] Retrying task index 0
[debug] [2021-11-30T15:37:54.707Z] >>> [apiv2][query] GET https://cloudfunctions.googleapis.com/v1/operations/YW1vem9uLWNsb25lLTEvdXMtY2VudHJhbDEvYXBpL2toTkFIeVdSejlJ [none]
[debug] [2021-11-30T15:37:55.209Z] <<< [apiv2][status] GET https://cloudfunctions.googleapis.com/v1/operations/YW1vem9uLWNsb25lLTEvdXMtY2VudHJhbDEvYXBpL2toTkFIeVdSejlJ 200
[debug] [2021-11-30T15:37:55.209Z] <<< [apiv2][body] GET https://cloudfunctions.googleapis.com/v1/operations/YW1vem9uLWNsb25lLTEvdXMtY2VudHJhbDEvYXBpL2toTkFIeVdSejlJ {"name":"operations/YW1vem9uLWNsb25lLTEvdXMtY2VudHJhbDEvYXBpL2toTkFIeVdSejlJ","metadata":{"@type":"type.googleapis.com/google.cloud.functions.v1.OperationMetadataV1","target":"projects/amozon-clone-1/locations/us-central1/functions/api","type":"UPDATE_FUNCTION","request":{"@type":"type.googleapis.com/google.cloud.functions.v1.CloudFunction","name":"projects/amozon-clone-1/locations/us-central1/functions/api","httpsTrigger":{},"status":"OFFLINE","entryPoint":"api","timeout":"60s","availableMemoryMb":256,"serviceAccountEmail":"amozon-clone-1@appspot.gserviceaccount.com","updateTime":"2021-11-30T13:56:59.979Z","versionId":"6","labels":{"deployment-tool":"cli-firebase"},"sourceUploadUrl":"https://storage.googleapis.com/gcf-upload-us-central1-7f3f986e-f289-4c86-9d83-b2c0f1ee991b/6c8156c8-f2ad-4ad1-abe3-cec38a877da7.zip?GoogleAccessId=service-1009968790236@gcf-admin-robot.iam.gserviceaccount.com&Expires=1638288467&Signature=ELrDtX1TpnKGPO1UiV%2FtGqD6mp3uh7wa8jwtuwzUfGjIqpKEhkfZ%2BASuYDzDvq67goV6MtElto4gwFmHLb62rXfovzIxSgvSyccO0bM2r%2BTTRiI6FEsOSvJX5l%2FrLVEQXqNelZwIicmyPu8NPd4kfCsaeatJF7N6ZUXVKnOXPf6o6DvJnzHxoJijraXFpxTQWUaiRgVoLmZq0cpmFl7NrH5YY%2BrijVXC7PpXQNjxjh21uBpE2lVbVtE2QSDVrZdcJmeX6mQ90V5%2B9Obxe%2FRe8o1N9u%2BpZDzxmn0%2FxmqUM%2Fcfyr3mbcL7Le8%2B6%2B7fJ5Vttv%2BjgMylY%2BzO5nYX0lSg8A%3D%3D","environmentVariables":{"FIREBASE_CONFIG":"{\"projectId\":\"amozon-clone-1\",\"databaseURL\":\"https://amozon-clone-1.firebaseio.com\",\"storageBucket\":\"amozon-clone-1.appspot.com\",\"locationId\":\"us-central\"}","GCLOUD_PROJECT":"amozon-clone-1"},"runtime":"nodejs14","ingressSettings":"ALLOW_ALL","buildId":"ed03eb67-2c86-4ceb-b144-bfeed6ba3e12","buildName":"projects/1009968790236/locations/us-central1/builds/ed03eb67-2c86-4ceb-b144-bfeed6ba3e12"},"versionId":"7","updateTime":"2021-11-30T15:37:53Z","buildId":"eec9d0d4-1953-43b0-a68e-db18c5634e85","buildName":"projects/1009968790236/locations/us-central1/builds/eec9d0d4-1953-43b0-a68e-db18c5634e85"}}
[debug] [2021-11-30T15:37:56.225Z] [update-us-central1-api] Retrying task index 0
[debug] [2021-11-30T15:37:56.226Z] >>> [apiv2][query] GET https://cloudfunctions.googleapis.com/v1/operations/YW1vem9uLWNsb25lLTEvdXMtY2VudHJhbDEvYXBpL2toTkFIeVdSejlJ [none]
[debug] [2021-11-30T15:37:56.674Z] <<< [apiv2][status] GET https://cloudfunctions.googleapis.com/v1/operations/YW1vem9uLWNsb25lLTEvdXMtY2VudHJhbDEvYXBpL2toTkFIeVdSejlJ 200
[debug] [2021-11-30T15:37:56.674Z] <<< [apiv2][body] GET https://cloudfunctions.googleapis.com/v1/operations/YW1vem9uLWNsb25lLTEvdXMtY2VudHJhbDEvYXBpL2toTkFIeVdSejlJ {"name":"operations/YW1vem9uLWNsb25lLTEvdXMtY2VudHJhbDEvYXBpL2toTkFIeVdSejlJ","metadata":{"@type":"type.googleapis.com/google.cloud.functions.v1.OperationMetadataV1","target":"projects/amozon-clone-1/locations/us-central1/functions/api","type":"UPDATE_FUNCTION","request":{"@type":"type.googleapis.com/google.cloud.functions.v1.CloudFunction","name":"projects/amozon-clone-1/locations/us-central1/functions/api","httpsTrigger":{},"status":"OFFLINE","entryPoint":"api","timeout":"60s","availableMemoryMb":256,"serviceAccountEmail":"amozon-clone-1@appspot.gserviceaccount.com","updateTime":"2021-11-30T13:56:59.979Z","versionId":"6","labels":{"deployment-tool":"cli-firebase"},"sourceUploadUrl":"https://storage.googleapis.com/gcf-upload-us-central1-7f3f986e-f289-4c86-9d83-b2c0f1ee991b/6c8156c8-f2ad-4ad1-abe3-cec38a877da7.zip?GoogleAccessId=service-1009968790236@gcf-admin-robot.iam.gserviceaccount.com&Expires=1638288467&Signature=ELrDtX1TpnKGPO1UiV%2FtGqD6mp3uh7wa8jwtuwzUfGjIqpKEhkfZ%2BASuYDzDvq67goV6MtElto4gwFmHLb62rXfovzIxSgvSyccO0bM2r%2BTTRiI6FEsOSvJX5l%2FrLVEQXqNelZwIicmyPu8NPd4kfCsaeatJF7N6ZUXVKnOXPf6o6DvJnzHxoJijraXFpxTQWUaiRgVoLmZq0cpmFl7NrH5YY%2BrijVXC7PpXQNjxjh21uBpE2lVbVtE2QSDVrZdcJmeX6mQ90V5%2B9Obxe%2FRe8o1N9u%2BpZDzxmn0%2FxmqUM%2Fcfyr3mbcL7Le8%2B6%2B7fJ5Vttv%2BjgMylY%2BzO5nYX0lSg8A%3D%3D","environmentVariables":{"FIREBASE_CONFIG":"{\"projectId\":\"amozon-clone-1\",\"databaseURL\":\"https://amozon-clone-1.firebaseio.com\",\"storageBucket\":\"amozon-clone-1.appspot.com\",\"locationId\":\"us-central\"}","GCLOUD_PROJECT":"amozon-clone-1"},"runtime":"nodejs14","ingressSettings":"ALLOW_ALL","buildId":"ed03eb67-2c86-4ceb-b144-bfeed6ba3e12","buildName":"projects/1009968790236/locations/us-central1/builds/ed03eb67-2c86-4ceb-b144-bfeed6ba3e12"},"versionId":"7","updateTime":"2021-11-30T15:37:53Z","buildId":"eec9d0d4-1953-43b0-a68e-db18c5634e85","buildName":"projects/1009968790236/locations/us-central1/builds/eec9d0d4-1953-43b0-a68e-db18c5634e85"}}
[debug] [2021-11-30T15:37:58.676Z] [update-us-central1-api] Retrying task index 0
[debug] [2021-11-30T15:37:58.676Z] >>> [apiv2][query] GET https://cloudfunctions.googleapis.com/v1/operations/YW1vem9uLWNsb25lLTEvdXMtY2VudHJhbDEvYXBpL2toTkFIeVdSejlJ [none]
[debug] [2021-11-30T15:37:59.245Z] <<< [apiv2][status] GET https://cloudfunctions.googleapis.com/v1/operations/YW1vem9uLWNsb25lLTEvdXMtY2VudHJhbDEvYXBpL2toTkFIeVdSejlJ 200
[debug] [2021-11-30T15:37:59.246Z] <<< [apiv2][body] GET https://cloudfunctions.googleapis.com/v1/operations/YW1vem9uLWNsb25lLTEvdXMtY2VudHJhbDEvYXBpL2toTkFIeVdSejlJ {"name":"operations/YW1vem9uLWNsb25lLTEvdXMtY2VudHJhbDEvYXBpL2toTkFIeVdSejlJ","metadata":{"@type":"type.googleapis.com/google.cloud.functions.v1.OperationMetadataV1","target":"projects/amozon-clone-1/locations/us-central1/functions/api","type":"UPDATE_FUNCTION","request":{"@type":"type.googleapis.com/google.cloud.functions.v1.CloudFunction","name":"projects/amozon-clone-1/locations/us-central1/functions/api","httpsTrigger":{},"status":"OFFLINE","entryPoint":"api","timeout":"60s","availableMemoryMb":256,"serviceAccountEmail":"amozon-clone-1@appspot.gserviceaccount.com","updateTime":"2021-11-30T13:56:59.979Z","versionId":"6","labels":{"deployment-tool":"cli-firebase"},"sourceUploadUrl":"https://storage.googleapis.com/gcf-upload-us-central1-7f3f986e-f289-4c86-9d83-b2c0f1ee991b/6c8156c8-f2ad-4ad1-abe3-cec38a877da7.zip?GoogleAccessId=service-1009968790236@gcf-admin-robot.iam.gserviceaccount.com&Expires=1638288467&Signature=ELrDtX1TpnKGPO1UiV%2FtGqD6mp3uh7wa8jwtuwzUfGjIqpKEhkfZ%2BASuYDzDvq67goV6MtElto4gwFmHLb62rXfovzIxSgvSyccO0bM2r%2BTTRiI6FEsOSvJX5l%2FrLVEQXqNelZwIicmyPu8NPd4kfCsaeatJF7N6ZUXVKnOXPf6o6DvJnzHxoJijraXFpxTQWUaiRgVoLmZq0cpmFl7NrH5YY%2BrijVXC7PpXQNjxjh21uBpE2lVbVtE2QSDVrZdcJmeX6mQ90V5%2B9Obxe%2FRe8o1N9u%2BpZDzxmn0%2FxmqUM%2Fcfyr3mbcL7Le8%2B6%2B7fJ5Vttv%2BjgMylY%2BzO5nYX0lSg8A%3D%3D","environmentVariables":{"FIREBASE_CONFIG":"{\"projectId\":\"amozon-clone-1\",\"databaseURL\":\"https://amozon-clone-1.firebaseio.com\",\"storageBucket\":\"amozon-clone-1.appspot.com\",\"locationId\":\"us-central\"}","GCLOUD_PROJECT":"amozon-clone-1"},"runtime":"nodejs14","ingressSettings":"ALLOW_ALL","buildId":"ed03eb67-2c86-4ceb-b144-bfeed6ba3e12","buildName":"projects/1009968790236/locations/us-central1/builds/ed03eb67-2c86-4ceb-b144-bfeed6ba3e12"},"versionId":"7","updateTime":"2021-11-30T15:37:53Z","buildId":"eec9d0d4-1953-43b0-a68e-db18c5634e85","buildName":"projects/1009968790236/locations/us-central1/builds/eec9d0d4-1953-43b0-a68e-db18c5634e85"}}
[debug] [2021-11-30T15:38:03.248Z] [update-us-central1-api] Retrying task index 0
[debug] [2021-11-30T15:38:03.249Z] >>> [apiv2][query] GET https://cloudfunctions.googleapis.com/v1/operations/YW1vem9uLWNsb25lLTEvdXMtY2VudHJhbDEvYXBpL2toTkFIeVdSejlJ [none]
[debug] [2021-11-30T15:38:03.720Z] <<< [apiv2][status] GET https://cloudfunctions.googleapis.com/v1/operations/YW1vem9uLWNsb25lLTEvdXMtY2VudHJhbDEvYXBpL2toTkFIeVdSejlJ 200
[debug] [2021-11-30T15:38:03.720Z] <<< [apiv2][body] GET https://cloudfunctions.googleapis.com/v1/operations/YW1vem9uLWNsb25lLTEvdXMtY2VudHJhbDEvYXBpL2toTkFIeVdSejlJ {"name":"operations/YW1vem9uLWNsb25lLTEvdXMtY2VudHJhbDEvYXBpL2toTkFIeVdSejlJ","metadata":{"@type":"type.googleapis.com/google.cloud.functions.v1.OperationMetadataV1","target":"projects/amozon-clone-1/locations/us-central1/functions/api","type":"UPDATE_FUNCTION","request":{"@type":"type.googleapis.com/google.cloud.functions.v1.CloudFunction","name":"projects/amozon-clone-1/locations/us-central1/functions/api","httpsTrigger":{},"status":"OFFLINE","entryPoint":"api","timeout":"60s","availableMemoryMb":256,"serviceAccountEmail":"amozon-clone-1@appspot.gserviceaccount.com","updateTime":"2021-11-30T13:56:59.979Z","versionId":"6","labels":{"deployment-tool":"cli-firebase"},"sourceUploadUrl":"https://storage.googleapis.com/gcf-upload-us-central1-7f3f986e-f289-4c86-9d83-b2c0f1ee991b/6c8156c8-f2ad-4ad1-abe3-cec38a877da7.zip?GoogleAccessId=service-1009968790236@gcf-admin-robot.iam.gserviceaccount.com&Expires=1638288467&Signature=ELrDtX1TpnKGPO1UiV%2FtGqD6mp3uh7wa8jwtuwzUfGjIqpKEhkfZ%2BASuYDzDvq67goV6MtElto4gwFmHLb62rXfovzIxSgvSyccO0bM2r%2BTTRiI6FEsOSvJX5l%2FrLVEQXqNelZwIicmyPu8NPd4kfCsaeatJF7N6ZUXVKnOXPf6o6DvJnzHxoJijraXFpxTQWUaiRgVoLmZq0cpmFl7NrH5YY%2BrijVXC7PpXQNjxjh21uBpE2lVbVtE2QSDVrZdcJmeX6mQ90V5%2B9Obxe%2FRe8o1N9u%2BpZDzxmn0%2FxmqUM%2Fcfyr3mbcL7Le8%2B6%2B7fJ5Vttv%2BjgMylY%2BzO5nYX0lSg8A%3D%3D","environmentVariables":{"FIREBASE_CONFIG":"{\"projectId\":\"amozon-clone-1\",\"databaseURL\":\"https://amozon-clone-1.firebaseio.com\",\"storageBucket\":\"amozon-clone-1.appspot.com\",\"locationId\":\"us-central\"}","GCLOUD_PROJECT":"amozon-clone-1"},"runtime":"nodejs14","ingressSettings":"ALLOW_ALL","buildId":"ed03eb67-2c86-4ceb-b144-bfeed6ba3e12","buildName":"projects/1009968790236/locations/us-central1/builds/ed03eb67-2c86-4ceb-b144-bfeed6ba3e12"},"versionId":"7","updateTime":"2021-11-30T15:37:53Z","buildId":"eec9d0d4-1953-43b0-a68e-db18c5634e85","buildName":"projects/1009968790236/locations/us-central1/builds/eec9d0d4-1953-43b0-a68e-db18c5634e85"}}
[debug] [2021-11-30T15:38:11.728Z] [update-us-central1-api] Retrying task index 0
[debug] [2021-11-30T15:38:11.729Z] >>> [apiv2][query] GET https://cloudfunctions.googleapis.com/v1/operations/YW1vem9uLWNsb25lLTEvdXMtY2VudHJhbDEvYXBpL2toTkFIeVdSejlJ [none]
[debug] [2021-11-30T15:38:12.182Z] <<< [apiv2][status] GET https://cloudfunctions.googleapis.com/v1/operations/YW1vem9uLWNsb25lLTEvdXMtY2VudHJhbDEvYXBpL2toTkFIeVdSejlJ 200
[debug] [2021-11-30T15:38:12.182Z] <<< [apiv2][body] GET https://cloudfunctions.googleapis.com/v1/operations/YW1vem9uLWNsb25lLTEvdXMtY2VudHJhbDEvYXBpL2toTkFIeVdSejlJ {"name":"operations/YW1vem9uLWNsb25lLTEvdXMtY2VudHJhbDEvYXBpL2toTkFIeVdSejlJ","metadata":{"@type":"type.googleapis.com/google.cloud.functions.v1.OperationMetadataV1","target":"projects/amozon-clone-1/locations/us-central1/functions/api","type":"UPDATE_FUNCTION","request":{"@type":"type.googleapis.com/google.cloud.functions.v1.CloudFunction","name":"projects/amozon-clone-1/locations/us-central1/functions/api","httpsTrigger":{},"status":"OFFLINE","entryPoint":"api","timeout":"60s","availableMemoryMb":256,"serviceAccountEmail":"amozon-clone-1@appspot.gserviceaccount.com","updateTime":"2021-11-30T13:56:59.979Z","versionId":"6","labels":{"deployment-tool":"cli-firebase"},"sourceUploadUrl":"https://storage.googleapis.com/gcf-upload-us-central1-7f3f986e-f289-4c86-9d83-b2c0f1ee991b/6c8156c8-f2ad-4ad1-abe3-cec38a877da7.zip?GoogleAccessId=service-1009968790236@gcf-admin-robot.iam.gserviceaccount.com&Expires=1638288467&Signature=ELrDtX1TpnKGPO1UiV%2FtGqD6mp3uh7wa8jwtuwzUfGjIqpKEhkfZ%2BASuYDzDvq67goV6MtElto4gwFmHLb62rXfovzIxSgvSyccO0bM2r%2BTTRiI6FEsOSvJX5l%2FrLVEQXqNelZwIicmyPu8NPd4kfCsaeatJF7N6ZUXVKnOXPf6o6DvJnzHxoJijraXFpxTQWUaiRgVoLmZq0cpmFl7NrH5YY%2BrijVXC7PpXQNjxjh21uBpE2lVbVtE2QSDVrZdcJmeX6mQ90V5%2B9Obxe%2FRe8o1N9u%2BpZDzxmn0%2FxmqUM%2Fcfyr3mbcL7Le8%2B6%2B7fJ5Vttv%2BjgMylY%2BzO5nYX0lSg8A%3D%3D","environmentVariables":{"FIREBASE_CONFIG":"{\"projectId\":\"amozon-clone-1\",\"databaseURL\":\"https://amozon-clone-1.firebaseio.com\",\"storageBucket\":\"amozon-clone-1.appspot.com\",\"locationId\":\"us-central\"}","GCLOUD_PROJECT":"amozon-clone-1"},"runtime":"nodejs14","ingressSettings":"ALLOW_ALL","buildId":"ed03eb67-2c86-4ceb-b144-bfeed6ba3e12","buildName":"projects/1009968790236/locations/us-central1/builds/ed03eb67-2c86-4ceb-b144-bfeed6ba3e12"},"versionId":"7","updateTime":"2021-11-30T15:37:53Z","buildId":"eec9d0d4-1953-43b0-a68e-db18c5634e85","buildName":"projects/1009968790236/locations/us-central1/builds/eec9d0d4-1953-43b0-a68e-db18c5634e85"}}
[debug] [2021-11-30T15:38:28.196Z] [update-us-central1-api] Retrying task index 0
[debug] [2021-11-30T15:38:28.196Z] >>> [apiv2][query] GET https://cloudfunctions.googleapis.com/v1/operations/YW1vem9uLWNsb25lLTEvdXMtY2VudHJhbDEvYXBpL2toTkFIeVdSejlJ [none]
[debug] [2021-11-30T15:38:28.702Z] <<< [apiv2][status] GET https://cloudfunctions.googleapis.com/v1/operations/YW1vem9uLWNsb25lLTEvdXMtY2VudHJhbDEvYXBpL2toTkFIeVdSejlJ 200
[debug] [2021-11-30T15:38:28.703Z] <<< [apiv2][body] GET https://cloudfunctions.googleapis.com/v1/operations/YW1vem9uLWNsb25lLTEvdXMtY2VudHJhbDEvYXBpL2toTkFIeVdSejlJ {"name":"operations/YW1vem9uLWNsb25lLTEvdXMtY2VudHJhbDEvYXBpL2toTkFIeVdSejlJ","metadata":{"@type":"type.googleapis.com/google.cloud.functions.v1.OperationMetadataV1","target":"projects/amozon-clone-1/locations/us-central1/functions/api","type":"UPDATE_FUNCTION","request":{"@type":"type.googleapis.com/google.cloud.functions.v1.CloudFunction","name":"projects/amozon-clone-1/locations/us-central1/functions/api","httpsTrigger":{},"status":"OFFLINE","entryPoint":"api","timeout":"60s","availableMemoryMb":256,"serviceAccountEmail":"amozon-clone-1@appspot.gserviceaccount.com","updateTime":"2021-11-30T13:56:59.979Z","versionId":"6","labels":{"deployment-tool":"cli-firebase"},"sourceUploadUrl":"https://storage.googleapis.com/gcf-upload-us-central1-7f3f986e-f289-4c86-9d83-b2c0f1ee991b/6c8156c8-f2ad-4ad1-abe3-cec38a877da7.zip?GoogleAccessId=service-1009968790236@gcf-admin-robot.iam.gserviceaccount.com&Expires=1638288467&Signature=ELrDtX1TpnKGPO1UiV%2FtGqD6mp3uh7wa8jwtuwzUfGjIqpKEhkfZ%2BASuYDzDvq67goV6MtElto4gwFmHLb62rXfovzIxSgvSyccO0bM2r%2BTTRiI6FEsOSvJX5l%2FrLVEQXqNelZwIicmyPu8NPd4kfCsaeatJF7N6ZUXVKnOXPf6o6DvJnzHxoJijraXFpxTQWUaiRgVoLmZq0cpmFl7NrH5YY%2BrijVXC7PpXQNjxjh21uBpE2lVbVtE2QSDVrZdcJmeX6mQ90V5%2B9Obxe%2FRe8o1N9u%2BpZDzxmn0%2FxmqUM%2Fcfyr3mbcL7Le8%2B6%2B7fJ5Vttv%2BjgMylY%2BzO5nYX0lSg8A%3D%3D","environmentVariables":{"FIREBASE_CONFIG":"{\"projectId\":\"amozon-clone-1\",\"databaseURL\":\"https://amozon-clone-1.firebaseio.com\",\"storageBucket\":\"amozon-clone-1.appspot.com\",\"locationId\":\"us-central\"}","GCLOUD_PROJECT":"amozon-clone-1"},"runtime":"nodejs14","ingressSettings":"ALLOW_ALL","buildId":"ed03eb67-2c86-4ceb-b144-bfeed6ba3e12","buildName":"projects/1009968790236/locations/us-central1/builds/ed03eb67-2c86-4ceb-b144-bfeed6ba3e12"},"versionId":"7","updateTime":"2021-11-30T15:37:53Z","buildId":"eec9d0d4-1953-43b0-a68e-db18c5634e85","buildName":"projects/1009968790236/locations/us-central1/builds/eec9d0d4-1953-43b0-a68e-db18c5634e85"}}
[debug] [2021-11-30T15:39:00.718Z] [update-us-central1-api] Retrying task index 0
[debug] [2021-11-30T15:39:00.718Z] >>> [apiv2][query] GET https://cloudfunctions.googleapis.com/v1/operations/YW1vem9uLWNsb25lLTEvdXMtY2VudHJhbDEvYXBpL2toTkFIeVdSejlJ [none]
[debug] [2021-11-30T15:39:01.242Z] <<< [apiv2][status] GET https://cloudfunctions.googleapis.com/v1/operations/YW1vem9uLWNsb25lLTEvdXMtY2VudHJhbDEvYXBpL2toTkFIeVdSejlJ 200
[debug] [2021-11-30T15:39:01.243Z] <<< [apiv2][body] GET https://cloudfunctions.googleapis.com/v1/operations/YW1vem9uLWNsb25lLTEvdXMtY2VudHJhbDEvYXBpL2toTkFIeVdSejlJ {"name":"operations/YW1vem9uLWNsb25lLTEvdXMtY2VudHJhbDEvYXBpL2toTkFIeVdSejlJ","metadata":{"@type":"type.googleapis.com/google.cloud.functions.v1.OperationMetadataV1","target":"projects/amozon-clone-1/locations/us-central1/functions/api","type":"UPDATE_FUNCTION","request":{"@type":"type.googleapis.com/google.cloud.functions.v1.CloudFunction","name":"projects/amozon-clone-1/locations/us-central1/functions/api","httpsTrigger":{},"status":"OFFLINE","entryPoint":"api","timeout":"60s","availableMemoryMb":256,"serviceAccountEmail":"amozon-clone-1@appspot.gserviceaccount.com","updateTime":"2021-11-30T13:56:59.979Z","versionId":"6","labels":{"deployment-tool":"cli-firebase"},"sourceUploadUrl":"https://storage.googleapis.com/gcf-upload-us-central1-7f3f986e-f289-4c86-9d83-b2c0f1ee991b/6c8156c8-f2ad-4ad1-abe3-cec38a877da7.zip?GoogleAccessId=service-1009968790236@gcf-admin-robot.iam.gserviceaccount.com&Expires=1638288467&Signature=ELrDtX1TpnKGPO1UiV%2FtGqD6mp3uh7wa8jwtuwzUfGjIqpKEhkfZ%2BASuYDzDvq67goV6MtElto4gwFmHLb62rXfovzIxSgvSyccO0bM2r%2BTTRiI6FEsOSvJX5l%2FrLVEQXqNelZwIicmyPu8NPd4kfCsaeatJF7N6ZUXVKnOXPf6o6DvJnzHxoJijraXFpxTQWUaiRgVoLmZq0cpmFl7NrH5YY%2BrijVXC7PpXQNjxjh21uBpE2lVbVtE2QSDVrZdcJmeX6mQ90V5%2B9Obxe%2FRe8o1N9u%2BpZDzxmn0%2FxmqUM%2Fcfyr3mbcL7Le8%2B6%2B7fJ5Vttv%2BjgMylY%2BzO5nYX0lSg8A%3D%3D","environmentVariables":{"FIREBASE_CONFIG":"{\"projectId\":\"amozon-clone-1\",\"databaseURL\":\"https://amozon-clone-1.firebaseio.com\",\"storageBucket\":\"amozon-clone-1.appspot.com\",\"locationId\":\"us-central\"}","GCLOUD_PROJECT":"amozon-clone-1"},"runtime":"nodejs14","ingressSettings":"ALLOW_ALL","buildId":"ed03eb67-2c86-4ceb-b144-bfeed6ba3e12","buildName":"projects/1009968790236/locations/us-central1/builds/ed03eb67-2c86-4ceb-b144-bfeed6ba3e12"},"versionId":"7","updateTime":"2021-11-30T15:38:52Z","buildId":"eec9d0d4-1953-43b0-a68e-db18c5634e85","sourceToken":"6b861c7e-1d8a-4caf-baf6-4241fe7b0479","buildName":"projects/1009968790236/locations/us-central1/builds/eec9d0d4-1953-43b0-a68e-db18c5634e85"},"done":true,"error":{"code":3,"message":"Function failed on loading user code. This is likely due to a bug in the user code. Error message: Error: please examine your function logs to see the error cause: https://cloud.google.com/functions/docs/monitoring/logging#viewing_logs. Additional troubleshooting documentation can be found at https://cloud.google.com/functions/docs/troubleshooting#logging. Please visit https://cloud.google.com/functions/docs/troubleshooting for in-depth troubleshooting documentation."}}
[debug] [2021-11-30T15:39:01.243Z] Got source token 6b861c7e-1d8a-4caf-baf6-4241fe7b0479 for region us-central1
[debug] [2021-11-30T15:39:01.245Z] Total Function Deployment time: 68599
[debug] [2021-11-30T15:39:01.246Z] 1 Functions Deployed
[debug] [2021-11-30T15:39:01.246Z] 1 Functions Errored
[debug] [2021-11-30T15:39:01.246Z] 0 Function Deployments Aborted
[debug] [2021-11-30T15:39:01.246Z] Average Function Deployment time: 68598
[info] 
[info] Functions deploy had errors with the following functions:
	api(us-central1)
[info] 
[info] Because there were errors creating or updating functions, the following functions were not deleted
[info] To delete these, use firebase functions:delete
[debug] [2021-11-30T15:39:01.412Z] Missing URI for HTTPS function in printTriggerUrls. This shouldn't happen
[info] i  functions: cleaning up build files... 
[debug] [2021-11-30T15:39:01.414Z] >>> [apiv2][query] GET https://us.gcr.io/v2/amozon-clone-1/gcf/us-central1/tags/list [none]
[debug] [2021-11-30T15:39:02.511Z] <<< [apiv2][status] GET https://us.gcr.io/v2/amozon-clone-1/gcf/us-central1/tags/list 200
[debug] [2021-11-30T15:39:02.511Z] <<< [apiv2][body] GET https://us.gcr.io/v2/amozon-clone-1/gcf/us-central1/tags/list {"child":["129625b1-86fa-4bcf-bf96-aad42b580cb2"],"manifest":{},"name":"amozon-clone-1/gcf/us-central1","tags":[]}
[debug] [2021-11-30T15:39:02.511Z] >>> [apiv2][query] GET https://us.gcr.io/v2/amozon-clone-1/gcf/us-central1/129625b1-86fa-4bcf-bf96-aad42b580cb2/tags/list [none]
[debug] [2021-11-30T15:39:03.589Z] <<< [apiv2][status] GET https://us.gcr.io/v2/amozon-clone-1/gcf/us-central1/129625b1-86fa-4bcf-bf96-aad42b580cb2/tags/list 200
[debug] [2021-11-30T15:39:03.589Z] <<< [apiv2][body] GET https://us.gcr.io/v2/amozon-clone-1/gcf/us-central1/129625b1-86fa-4bcf-bf96-aad42b580cb2/tags/list {"child":["cache"],"manifest":{"sha256:da1c66b9ea96eb7ddf388bd8f0a2dbb8e90f2460af580619e8c2c2bebffbca63":{"imageSizeBytes":"423722702","layerId":"","mediaType":"application/vnd.docker.distribution.manifest.v2+json","tag":["api_version-7","latest"],"timeCreatedMs":"315532801000","timeUploadedMs":"1638286713082"}},"name":"amozon-clone-1/gcf/us-central1/129625b1-86fa-4bcf-bf96-aad42b580cb2","tags":["api_version-7","latest"]}
[debug] [2021-11-30T15:39:03.590Z] >>> [apiv2][query] GET https://us.gcr.io/v2/amozon-clone-1/gcf/us-central1/129625b1-86fa-4bcf-bf96-aad42b580cb2/cache/tags/list [none]
[debug] [2021-11-30T15:39:03.591Z] >>> [apiv2][query] DELETE https://us.gcr.io/v2/amozon-clone-1/gcf/us-central1/129625b1-86fa-4bcf-bf96-aad42b580cb2/manifests/api_version-7 [none]
[debug] [2021-11-30T15:39:03.592Z] >>> [apiv2][query] DELETE https://us.gcr.io/v2/amozon-clone-1/gcf/us-central1/129625b1-86fa-4bcf-bf96-aad42b580cb2/manifests/latest [none]
[debug] [2021-11-30T15:39:04.649Z] <<< [apiv2][status] GET https://us.gcr.io/v2/amozon-clone-1/gcf/us-central1/129625b1-86fa-4bcf-bf96-aad42b580cb2/cache/tags/list 200
[debug] [2021-11-30T15:39:04.650Z] <<< [apiv2][body] GET https://us.gcr.io/v2/amozon-clone-1/gcf/us-central1/129625b1-86fa-4bcf-bf96-aad42b580cb2/cache/tags/list {"child":[],"manifest":{"sha256:4f6c75ce4740a5dc340e06b1642dc1dad773e1879889279d719474611f9554c2":{"imageSizeBytes":"12611092","layerId":"","mediaType":"application/vnd.docker.distribution.manifest.v2+json","tag":["latest"],"timeCreatedMs":"315532801000","timeUploadedMs":"1638286713635"}},"name":"amozon-clone-1/gcf/us-central1/129625b1-86fa-4bcf-bf96-aad42b580cb2/cache","tags":["latest"]}
[debug] [2021-11-30T15:39:04.650Z] >>> [apiv2][query] DELETE https://us.gcr.io/v2/amozon-clone-1/gcf/us-central1/129625b1-86fa-4bcf-bf96-aad42b580cb2/cache/manifests/latest [none]
[debug] [2021-11-30T15:39:05.139Z] <<< [apiv2][status] DELETE https://us.gcr.io/v2/amozon-clone-1/gcf/us-central1/129625b1-86fa-4bcf-bf96-aad42b580cb2/manifests/api_version-7 202
[debug] [2021-11-30T15:39:05.139Z] <<< [apiv2][body] DELETE https://us.gcr.io/v2/amozon-clone-1/gcf/us-central1/129625b1-86fa-4bcf-bf96-aad42b580cb2/manifests/api_version-7 {"errors":[]}
[debug] [2021-11-30T15:39:05.161Z] <<< [apiv2][status] DELETE https://us.gcr.io/v2/amozon-clone-1/gcf/us-central1/129625b1-86fa-4bcf-bf96-aad42b580cb2/manifests/latest 202
[debug] [2021-11-30T15:39:05.161Z] <<< [apiv2][body] DELETE https://us.gcr.io/v2/amozon-clone-1/gcf/us-central1/129625b1-86fa-4bcf-bf96-aad42b580cb2/manifests/latest {"errors":[]}
[debug] [2021-11-30T15:39:05.161Z] >>> [apiv2][query] DELETE https://us.gcr.io/v2/amozon-clone-1/gcf/us-central1/129625b1-86fa-4bcf-bf96-aad42b580cb2/manifests/sha256:da1c66b9ea96eb7ddf388bd8f0a2dbb8e90f2460af580619e8c2c2bebffbca63 [none]
[debug] [2021-11-30T15:39:06.210Z] <<< [apiv2][status] DELETE https://us.gcr.io/v2/amozon-clone-1/gcf/us-central1/129625b1-86fa-4bcf-bf96-aad42b580cb2/cache/manifests/latest 202
[debug] [2021-11-30T15:39:06.211Z] <<< [apiv2][body] DELETE https://us.gcr.io/v2/amozon-clone-1/gcf/us-central1/129625b1-86fa-4bcf-bf96-aad42b580cb2/cache/manifests/latest {"errors":[]}
[debug] [2021-11-30T15:39:06.211Z] >>> [apiv2][query] DELETE https://us.gcr.io/v2/amozon-clone-1/gcf/us-central1/129625b1-86fa-4bcf-bf96-aad42b580cb2/cache/manifests/sha256:4f6c75ce4740a5dc340e06b1642dc1dad773e1879889279d719474611f9554c2 [none]
[debug] [2021-11-30T15:39:09.171Z] <<< [apiv2][status] DELETE https://us.gcr.io/v2/amozon-clone-1/gcf/us-central1/129625b1-86fa-4bcf-bf96-aad42b580cb2/manifests/sha256:da1c66b9ea96eb7ddf388bd8f0a2dbb8e90f2460af580619e8c2c2bebffbca63 202
[debug] [2021-11-30T15:39:09.171Z] <<< [apiv2][body] DELETE https://us.gcr.io/v2/amozon-clone-1/gcf/us-central1/129625b1-86fa-4bcf-bf96-aad42b580cb2/manifests/sha256:da1c66b9ea96eb7ddf388bd8f0a2dbb8e90f2460af580619e8c2c2bebffbca63 {"errors":[]}
[debug] [2021-11-30T15:39:09.752Z] <<< [apiv2][status] DELETE https://us.gcr.io/v2/amozon-clone-1/gcf/us-central1/129625b1-86fa-4bcf-bf96-aad42b580cb2/cache/manifests/sha256:4f6c75ce4740a5dc340e06b1642dc1dad773e1879889279d719474611f9554c2 202
[debug] [2021-11-30T15:39:09.752Z] <<< [apiv2][body] DELETE https://us.gcr.io/v2/amozon-clone-1/gcf/us-central1/129625b1-86fa-4bcf-bf96-aad42b580cb2/cache/manifests/sha256:4f6c75ce4740a5dc340e06b1642dc1dad773e1879889279d719474611f9554c2 {"errors":[]}
[debug] [2021-11-30T15:39:09.903Z] Error: Failed to update function api in region us-central1
    at C:\Users\91959\AppData\Roaming\npm\node_modules\firebase-tools\lib\deploy\functions\release\fabricator.js:35:11
    at processTicksAndRejections (internal/process/task_queues.js:97:5)
    at async Fabricator.updateV1Function (C:\Users\91959\AppData\Roaming\npm\node_modules\firebase-tools\lib\deploy\functions\release\fabricator.js:227:32)
    at async Fabricator.updateEndpoint (C:\Users\91959\AppData\Roaming\npm\node_modules\firebase-tools\lib\deploy\functions\release\fabricator.js:131:13)
    at async handle (C:\Users\91959\AppData\Roaming\npm\node_modules\firebase-tools\lib\deploy\functions\release\fabricator.js:72:17)
[error] 
[error] Error: There was an error deploying functions
